2022-05-27 23:38:56.425 [] [main] INFO  com.shenhui.demo.Application - Starting Application using Java 1.8.0_301 on 8P4I6T3YLW923LE with PID 27756 (C:\Users\Administrator\Desktop\ysh-code\demo\target\classes started by Administrator in C:\Users\Administrator\Desktop\ysh-code\demo)
2022-05-27 23:38:56.427 [] [main] INFO  com.shenhui.demo.Application - No active profile set, falling back to default profiles: default
2022-05-27 23:38:57.379 [] [main] INFO  o.s.boot.web.embedded.tomcat.TomcatWebServer - Tomcat initialized with port(s): 9999 (http)
2022-05-27 23:38:57.389 [] [main] INFO  org.apache.coyote.http11.Http11NioProtocol - Initializing ProtocolHandler ["http-nio-9999"]
2022-05-27 23:38:57.390 [] [main] INFO  org.apache.catalina.core.StandardService - Starting service [Tomcat]
2022-05-27 23:38:57.390 [] [main] INFO  org.apache.catalina.core.StandardEngine - Starting Servlet engine: [Apache Tomcat/9.0.54]
2022-05-27 23:38:57.458 [] [main] INFO  o.a.c.core.ContainerBase.[Tomcat].[localhost].[/] - Initializing Spring embedded WebApplicationContext
2022-05-27 23:38:57.458 [] [main] INFO  o.s.b.w.s.c.ServletWebServerApplicationContext - Root WebApplicationContext: initialization completed in 998 ms
2022-05-27 23:38:57.739 [] [main] INFO  org.apache.coyote.http11.Http11NioProtocol - Starting ProtocolHandler ["http-nio-9999"]
2022-05-27 23:38:57.752 [] [main] INFO  o.s.boot.web.embedded.tomcat.TomcatWebServer - Tomcat started on port(s): 9999 (http) with context path ''
2022-05-27 23:38:57.760 [] [main] INFO  com.shenhui.demo.Application - Started Application in 1.646 seconds (JVM running for 2.113)
2022-05-27 23:39:16.747 [] [http-nio-9999-exec-1] INFO  o.a.c.core.ContainerBase.[Tomcat].[localhost].[/] - Initializing Spring DispatcherServlet 'dispatcherServlet'
2022-05-27 23:39:16.748 [] [http-nio-9999-exec-1] INFO  org.springframework.web.servlet.DispatcherServlet - Initializing Servlet 'dispatcherServlet'
2022-05-27 23:39:16.748 [] [http-nio-9999-exec-1] INFO  org.springframework.web.servlet.DispatcherServlet - Completed initialization in 0 ms
2022-05-27 23:39:51.511 [] [http-nio-9999-exec-4] INFO  c.s.demo.concurrent.rpc.BatchOperateServiceImpl - batchOperate start function:com.shenhui.demo.control.BatchOperateServiceControl$1@26cf130d request:["1","2"] config:{"needAllSuccess":false,"timeout":10,"timeoutUnit":"SECONDS"}
2022-05-27 23:39:51.512 [] [rpcExecutor--1] ERROR c.shenhui.demo.control.BatchOperateServiceControl - 入参: 1
2022-05-27 23:39:51.512 [] [rpcExecutor--2] ERROR c.shenhui.demo.control.BatchOperateServiceControl - 入参: 2
2022-05-27 23:39:51.514 [] [http-nio-9999-exec-4] INFO  c.s.demo.concurrent.rpc.BatchOperateServiceImpl - batchOperate finish duration:0.002s function:com.shenhui.demo.control.BatchOperateServiceControl$1@26cf130d request:["1","2"] config:{"needAllSuccess":false,"timeout":10,"timeoutUnit":"SECONDS"}
2022-05-27 23:39:58.063 [] [http-nio-9999-exec-5] INFO  c.s.demo.concurrent.rpc.BatchOperateServiceImpl - batchOperate start function:com.shenhui.demo.control.BatchOperateServiceControl$1@573ddeee request:["1","2"] config:{"needAllSuccess":false,"timeout":10,"timeoutUnit":"SECONDS"}
2022-05-27 23:39:58.064 [] [rpcExecutor--3] ERROR c.shenhui.demo.control.BatchOperateServiceControl - 入参: 1
2022-05-27 23:39:58.064 [] [rpcExecutor--4] ERROR c.shenhui.demo.control.BatchOperateServiceControl - 入参: 2
2022-05-27 23:39:58.064 [] [http-nio-9999-exec-5] INFO  c.s.demo.concurrent.rpc.BatchOperateServiceImpl - batchOperate finish duration:0.0s function:com.shenhui.demo.control.BatchOperateServiceControl$1@573ddeee request:["1","2"] config:{"needAllSuccess":false,"timeout":10,"timeoutUnit":"SECONDS"}
2022-05-27 23:49:35.711 [] [main] INFO  com.shenhui.demo.Application - Starting Application using Java 1.8.0_301 on 8P4I6T3YLW923LE with PID 31384 (C:\Users\Administrator\Desktop\ysh-code\demo\target\classes started by Administrator in C:\Users\Administrator\Desktop\ysh-code\demo)
2022-05-27 23:49:35.713 [] [main] INFO  com.shenhui.demo.Application - No active profile set, falling back to default profiles: default
2022-05-27 23:49:36.683 [] [main] INFO  o.s.boot.web.embedded.tomcat.TomcatWebServer - Tomcat initialized with port(s): 9999 (http)
2022-05-27 23:49:36.691 [] [main] INFO  org.apache.coyote.http11.Http11NioProtocol - Initializing ProtocolHandler ["http-nio-9999"]
2022-05-27 23:49:36.692 [] [main] INFO  org.apache.catalina.core.StandardService - Starting service [Tomcat]
2022-05-27 23:49:36.692 [] [main] INFO  org.apache.catalina.core.StandardEngine - Starting Servlet engine: [Apache Tomcat/9.0.54]
2022-05-27 23:49:36.755 [] [main] INFO  o.a.c.core.ContainerBase.[Tomcat].[localhost].[/] - Initializing Spring embedded WebApplicationContext
2022-05-27 23:49:36.755 [] [main] INFO  o.s.b.w.s.c.ServletWebServerApplicationContext - Root WebApplicationContext: initialization completed in 1007 ms
2022-05-27 23:49:37.000 [] [main] INFO  org.apache.coyote.http11.Http11NioProtocol - Starting ProtocolHandler ["http-nio-9999"]
2022-05-27 23:49:37.013 [] [main] INFO  o.s.boot.web.embedded.tomcat.TomcatWebServer - Tomcat started on port(s): 9999 (http) with context path ''
2022-05-27 23:49:37.019 [] [main] INFO  com.shenhui.demo.Application - Started Application in 1.601 seconds (JVM running for 1.979)
2022-05-27 23:49:39.880 [] [http-nio-9999-exec-1] INFO  o.a.c.core.ContainerBase.[Tomcat].[localhost].[/] - Initializing Spring DispatcherServlet 'dispatcherServlet'
2022-05-27 23:49:39.880 [] [http-nio-9999-exec-1] INFO  org.springframework.web.servlet.DispatcherServlet - Initializing Servlet 'dispatcherServlet'
2022-05-27 23:49:39.881 [] [http-nio-9999-exec-1] INFO  org.springframework.web.servlet.DispatcherServlet - Completed initialization in 1 ms
2022-05-27 23:49:39.984 [] [http-nio-9999-exec-1] INFO  c.s.demo.concurrent.rpc.BatchOperateServiceImpl - batchOperate start function:com.shenhui.demo.control.BatchOperateServiceControl$1@7eca49fe request:["1","2"] config:{"needAllSuccess":false,"timeout":10,"timeoutUnit":"SECONDS"}
2022-05-27 23:49:39.986 [] [rpcExecutor--2] ERROR c.shenhui.demo.control.BatchOperateServiceControl - 入参: 2
2022-05-27 23:49:39.986 [] [rpcExecutor--1] ERROR c.shenhui.demo.control.BatchOperateServiceControl - 入参: 1
2022-05-27 23:49:39.987 [] [http-nio-9999-exec-1] INFO  c.s.demo.concurrent.rpc.BatchOperateServiceImpl - batchOperate finish duration:0.002s function:com.shenhui.demo.control.BatchOperateServiceControl$1@7eca49fe request:["1","2"] config:{"needAllSuccess":false,"timeout":10,"timeoutUnit":"SECONDS"}
